<?xml version="1.0" encoding="utf-8"?>
<testsuites><testsuite name="diff*  " tests="4" time="4" failures="4" total="4"><testcase name="data_bookeditor_index.php" time="1" failures="1" total="1"><failure type="junit.framework.AssertionFailedError">diff</failure></testcase><testcase name="data_bookeditor_list.php" time="1" failures="1" total="1"><failure type="junit.framework.AssertionFailedError">diff</failure></testcase><testcase name="addr-map.json" time="1" failures="1" total="1"><failure type="junit.framework.AssertionFailedError">diff</failure></testcase><testcase name="common-map.json" time="1" failures="1" total="1"><failure type="junit.framework.AssertionFailedError">diff</failure></testcase></testsuite></testsuites>
